RUN	computerdatabase.advanced.AdvancedSimulationStep02	advancedsimulationstep02	1632310890514	 	3.6.1
USER	Admins	START	1632310891244
USER	Users	START	1632310891243
REQUEST		Home	1632310891260	1632310891493	OK	 
REQUEST		Home	1632310891260	1632310891498	OK	 
REQUEST		Home Redirect 1	1632310891499	1632310891617	OK	 
REQUEST		Home Redirect 1	1632310891498	1632310891612	OK	 
USER	Users	START	1632310892240
REQUEST		Home	1632310892240	1632310892462	OK	 
REQUEST		Home Redirect 1	1632310892462	1632310892572	OK	 
REQUEST		Search	1632310892628	1632310892738	OK	 
REQUEST		Search	1632310892628	1632310892742	OK	 
USER	Users	START	1632310893247
REQUEST		Home	1632310893247	1632310893469	OK	 
REQUEST		Home Redirect 1	1632310893469	1632310893580	OK	 
REQUEST		Search	1632310893573	1632310893683	OK	 
REQUEST		Select	1632310893744	1632310893854	OK	 
REQUEST		Select	1632310893744	1632310893858	OK	 
USER	Users	START	1632310894242
REQUEST		Home	1632310894242	1632310894464	OK	 
REQUEST		Home Redirect 1	1632310894464	1632310894575	OK	 
REQUEST		Search	1632310894587	1632310894697	OK	 
REQUEST		Select	1632310894695	1632310894804	OK	 
REQUEST		Home	1632310894864	1632310894974	OK	 
REQUEST		Home	1632310894864	1632310894978	OK	 
REQUEST		Home Redirect 1	1632310894974	1632310895085	OK	 
REQUEST		Home Redirect 1	1632310894979	1632310895093	OK	 
USER	Users	START	1632310895236
REQUEST		Home	1632310895236	1632310895465	OK	 
REQUEST		Home Redirect 1	1632310895465	1632310895578	OK	 
REQUEST		Search	1632310895581	1632310895691	OK	 
REQUEST		Select	1632310895708	1632310895818	OK	 
REQUEST		Home	1632310895816	1632310895925	OK	 
REQUEST		Home Redirect 1	1632310895925	1632310896034	OK	 
USER	Users	START	1632310896239
USER	Admins	START	1632310896239
REQUEST		Home	1632310896239	1632310896460	OK	 
REQUEST		Home	1632310896239	1632310896462	OK	 
REQUEST		Home Redirect 1	1632310896460	1632310896568	OK	 
REQUEST		Home Redirect 1	1632310896462	1632310896572	OK	 
REQUEST		Search	1632310896583	1632310896696	OK	 
REQUEST		Select	1632310896706	1632310896816	OK	 
REQUEST		Home	1632310896830	1632310896939	OK	 
REQUEST		Home Redirect 1	1632310896940	1632310897050	OK	 
REQUEST		Page 1	1632310897095	1632310897206	OK	 
REQUEST		Page 1	1632310897095	1632310897210	OK	 
USER	Users	START	1632310897236
REQUEST		Home	1632310897236	1632310897454	OK	 
REQUEST		Home Redirect 1	1632310897454	1632310897563	OK	 
REQUEST		Search	1632310897576	1632310897685	OK	 
REQUEST		Search	1632310897576	1632310897685	OK	 
REQUEST		Select	1632310897700	1632310897812	OK	 
REQUEST		Home	1632310897823	1632310897932	OK	 
REQUEST		Page 2	1632310897885	1632310897996	OK	 
REQUEST		Page 2	1632310897885	1632310898001	OK	 
REQUEST		Home Redirect 1	1632310897932	1632310898042	OK	 
REQUEST		Page 1	1632310898041	1632310898150	OK	 
USER	Users	START	1632310898242
REQUEST		Home	1632310898242	1632310898458	OK	 
REQUEST		Home Redirect 1	1632310898458	1632310898568	OK	 
REQUEST		Search	1632310898567	1632310898676	OK	 
REQUEST		Page 3	1632310898628	1632310898738	OK	 
REQUEST		Page 3	1632310898644	1632310898758	OK	 
REQUEST		Select	1632310898690	1632310898798	OK	 
REQUEST		Select	1632310898690	1632310898799	OK	 
REQUEST		Page 2	1632310898827	1632310898936	OK	 
REQUEST		Home	1632310898827	1632310898939	OK	 
REQUEST		Home Redirect 1	1632310898939	1632310899052	OK	 
REQUEST		Page 1	1632310899060	1632310899170	OK	 
USER	Users	START	1632310899248
REQUEST		Home	1632310899248	1632310899464	OK	 
REQUEST		Home Redirect 1	1632310899465	1632310899574	OK	 
REQUEST		Page 4	1632310899480	1632310899589	OK	 
REQUEST		Page 4	1632310899494	1632310899608	OK	 
REQUEST		Search	1632310899573	1632310899682	OK	 
REQUEST		Page 3	1632310899573	1632310899682	OK	 
REQUEST		Select	1632310899680	1632310899789	OK	 
REQUEST		Home	1632310899804	1632310899912	OK	 
REQUEST		Home	1632310899804	1632310899913	OK	 
REQUEST		Page 2	1632310899850	1632310899960	OK	 
REQUEST		Home Redirect 1	1632310899912	1632310900022	OK	 
REQUEST		Home Redirect 1	1632310899913	1632310900022	OK	 
REQUEST		Page 1	1632310900052	1632310900162	OK	 
USER	Users	START	1632310900240
REQUEST		Home	1632310900240	1632310900456	OK	 
REQUEST		Page 4	1632310900425	1632310900536	OK	 
REQUEST		Home Redirect 1	1632310900456	1632310900566	OK	 
REQUEST		Search	1632310900595	1632310900705	OK	 
REQUEST		Page 3	1632310900595	1632310900705	OK	 
REQUEST		Select	1632310900688	1632310900797	OK	 
REQUEST		Home	1632310900796	1632310900904	OK	 
REQUEST		Page 2	1632310900842	1632310900952	OK	 
REQUEST		Home Redirect 1	1632310900904	1632310901014	OK	 
REQUEST		Page 1	1632310901059	1632310901172	OK	 
REQUEST		Page 4	1632310901447	1632310901558	OK	 
REQUEST		Search	1632310901572	1632310901680	OK	 
REQUEST		Page 3	1632310901587	1632310901696	OK	 
REQUEST		Select	1632310901711	1632310901820	OK	 
REQUEST		Home	1632310901804	1632310901912	OK	 
REQUEST		Page 2	1632310901849	1632310901963	OK	 
REQUEST		Home Redirect 1	1632310901912	1632310902021	OK	 
REQUEST		Page 1	1632310902036	1632310902145	OK	 
REQUEST		Page 1	1632310902036	1632310902145	OK	 
REQUEST		Page 4	1632310902438	1632310902548	OK	 
REQUEST		Page 3	1632310902607	1632310902720	OK	 
REQUEST		Select	1632310902686	1632310902795	OK	 
REQUEST		Home	1632310902824	1632310902932	OK	 
REQUEST		Page 2	1632310902824	1632310902934	OK	 
REQUEST		Page 2	1632310902824	1632310902934	OK	 
REQUEST		Home Redirect 1	1632310902933	1632310903042	OK	 
REQUEST		Page 1	1632310903027	1632310903138	OK	 
REQUEST		Page 4	1632310903462	1632310903575	OK	 
REQUEST		Page 3	1632310903570	1632310903679	OK	 
REQUEST		Page 3	1632310903570	1632310903680	OK	 
REQUEST		Home	1632310903799	1632310903907	OK	 
REQUEST		Page 2	1632310903814	1632310903923	OK	 
REQUEST		Home Redirect 1	1632310903907	1632310904017	OK	 
REQUEST		Page 1	1632310904031	1632310904140	OK	 
REQUEST		Page 4	1632310904418	1632310904527	OK	 
REQUEST		Page 4	1632310904418	1632310904528	OK	 
USER	Users	END	1632310904621
REQUEST		Page 3	1632310904559	1632310904669	OK	 
REQUEST		Form	1632310904605	1632310904714	OK	 
REQUEST		Page 2	1632310904820	1632310904929	OK	 
REQUEST		Page 1	1632310905052	1632310905162	OK	 
REQUEST		Page 4	1632310905415	1632310905524	OK	 
USER	Users	END	1632310905552
REQUEST		Page 3	1632310905567	1632310905677	OK	 
REQUEST		Post	1632310905726	1632310905837	OK	 
REQUEST		Post Redirect 1	1632310905845	1632310905955	OK	 
USER	Admins	END	1632310905956
REQUEST		Page 2	1632310905847	1632310905956	OK	 
REQUEST		Page 1	1632310906019	1632310906128	OK	 
REQUEST		Page 4	1632310906425	1632310906534	OK	 
USER	Users	END	1632310906565
REQUEST		Page 3	1632310906595	1632310906704	OK	 
REQUEST		Page 2	1632310906812	1632310906921	OK	 
USER	Users	END	1632310907560
REQUEST		Page 4	1632310907452	1632310907561	OK	 
REQUEST		Page 3	1632310907560	1632310907669	OK	 
REQUEST		Page 4	1632310908411	1632310908520	OK	 
USER	Users	END	1632310908582
USER	Users	END	1632310909538
REQUEST		Form	1632310909538	1632310909647	OK	 
USER	Users	END	1632310910535
REQUEST		Post	1632310910659	1632310910768	OK	 
REQUEST		Post Redirect 1	1632310910769	1632310910879	OK	 
USER	Admins	END	1632310910879
USER	Users	END	1632310911548
USER	Users	END	1632310912573
USER	Users	END	1632310913522
