RUN	computerdatabase.advanced.AdvancedSimulationStep04	advancedsimulationstep04	1632329627086	 	3.6.1
USER	Admins	START	1632329627732
USER	Users	START	1632329627732
REQUEST		Home	1632329627757	1632329627988	OK	 
REQUEST		Home	1632329627757	1632329627979	OK	 
REQUEST		Home Redirect 1	1632329627989	1632329628099	OK	 
REQUEST		Home Redirect 1	1632329627989	1632329628105	OK	 
USER	Users	START	1632329628733
REQUEST		Home	1632329628733	1632329628947	OK	 
REQUEST		Home Redirect 1	1632329628947	1632329629054	OK	 
REQUEST		Search	1632329629127	1632329629242	OK	 
REQUEST		Search	1632329629127	1632329629237	OK	 
USER	Users	START	1632329629732
REQUEST		Home	1632329629732	1632329629951	OK	 
REQUEST		Home Redirect 1	1632329629952	1632329630061	OK	 
REQUEST		Search	1632329630070	1632329630177	OK	 
REQUEST		Select	1632329630303	1632329630412	OK	 
REQUEST		Select	1632329630303	1632329630418	OK	 
USER	Users	START	1632329630746
REQUEST		Home	1632329630746	1632329630972	OK	 
REQUEST		Home Redirect 1	1632329630972	1632329631086	OK	 
REQUEST		Search	1632329631067	1632329631176	OK	 
REQUEST		Select	1632329631188	1632329631294	OK	 
REQUEST		Page 0	1632329631419	1632329631529	OK	 
REQUEST		Page 0	1632329631433	1632329631547	OK	 
USER	Users	START	1632329631725
REQUEST		Home	1632329631725	1632329631951	OK	 
REQUEST		Home Redirect 1	1632329631951	1632329632063	OK	 
REQUEST		Search	1632329632094	1632329632207	OK	 
REQUEST		Select	1632329632185	1632329632294	OK	 
REQUEST		Page 0	1632329632309	1632329632415	OK	 
REQUEST		Page 1	1632329632538	1632329632647	OK	 
REQUEST		Page 1	1632329632552	1632329632667	OK	 
USER	Admins	START	1632329632722
USER	Users	START	1632329632722
REQUEST		Home	1632329632722	1632329632946	OK	 
REQUEST		Home	1632329632722	1632329632951	OK	 
REQUEST		Home Redirect 1	1632329632946	1632329633058	OK	 
REQUEST		Home Redirect 1	1632329632951	1632329633075	OK	 
REQUEST		Search	1632329633076	1632329633192	OK	 
REQUEST		Select	1632329633214	1632329633326	OK	 
REQUEST		Page 0	1632329633305	1632329633415	OK	 
REQUEST		Page 1	1632329633427	1632329633533	OK	 
USER	Users	START	1632329633721
REQUEST		Page 2	1632329633660	1632329633769	OK	 
REQUEST		Page 2	1632329633675	1632329633789	OK	 
REQUEST		Home	1632329633721	1632329633944	OK	 
REQUEST		Home Redirect 1	1632329633944	1632329634056	OK	 
REQUEST		Search	1632329634074	1632329634185	OK	 
REQUEST		Search	1632329634089	1632329634203	OK	 
REQUEST		Select	1632329634197	1632329634309	OK	 
REQUEST		Page 0	1632329634335	1632329634448	OK	 
REQUEST		Page 1	1632329634427	1632329634537	OK	 
REQUEST		Page 2	1632329634549	1632329634655	OK	 
USER	Users	START	1632329634731
REQUEST		Page 3	1632329634776	1632329634886	OK	 
REQUEST		Page 3	1632329634791	1632329634907	OK	 
REQUEST		Home	1632329634731	1632329634942	OK	 
REQUEST		Home Redirect 1	1632329634942	1632329635049	OK	 
REQUEST		Search	1632329635068	1632329635180	OK	 
REQUEST		Select	1632329635189	1632329635301	OK	 
REQUEST		Select	1632329635219	1632329635333	OK	 
REQUEST		Page 0	1632329635314	1632329635426	OK	 
REQUEST		Page 1	1632329635451	1632329635564	OK	 
REQUEST		Page 2	1632329635542	1632329635651	OK	 
USER	Users	START	1632329635742
REQUEST		Page 3	1632329635664	1632329635771	OK	 
USER	Users	END	1632329635910
REQUEST		Home	1632329635742	1632329635958	OK	 
REQUEST		Form	1632329635893	1632329636001	OK	 
REQUEST		Home Redirect 1	1632329635958	1632329636067	OK	 
REQUEST		Search	1632329636062	1632329636168	OK	 
REQUEST		Select	1632329636184	1632329636297	OK	 
REQUEST		Page 0	1632329636307	1632329636419	OK	 
REQUEST		Page 0	1632329636337	1632329636451	OK	 
REQUEST		Page 1	1632329636428	1632329636541	OK	 
REQUEST		Page 2	1632329636567	1632329636680	OK	 
USER	Users	START	1632329636720
REQUEST		Page 3	1632329636658	1632329636768	OK	 
USER	Users	END	1632329636781
REQUEST		Home	1632329636720	1632329636954	OK	 
REQUEST		Home Redirect 1	1632329636954	1632329637068	OK	 
REQUEST		Post	1632329637011	1632329637123	OK	 
REQUEST		Search	1632329637070	1632329637179	OK	 
REQUEST		Post Redirect 1	1632329637128	1632329637237	OK	 
USER	Admins	END	1632329637238
REQUEST		Select	1632329637177	1632329637283	OK	 
REQUEST		Page 0	1632329637299	1632329637411	OK	 
REQUEST		Page 1	1632329637422	1632329637533	OK	 
REQUEST		Page 1	1632329637452	1632329637566	OK	 
REQUEST		Page 2	1632329637543	1632329637655	OK	 
USER	Users	END	1632329637773
REQUEST		Page 3	1632329637681	1632329637794	OK	 
REQUEST		Search	1632329638080	1632329638195	OK	 
REQUEST		Select	1632329638187	1632329638296	OK	 
REQUEST		Page 0	1632329638294	1632329638400	OK	 
REQUEST		Page 1	1632329638416	1632329638529	OK	 
REQUEST		Page 2	1632329638540	1632329638651	OK	 
REQUEST		Page 2	1632329638570	1632329638684	OK	 
REQUEST		Page 3	1632329638661	1632329638774	OK	 
USER	Users	END	1632329638798
REQUEST		Select	1632329639208	1632329639321	OK	 
REQUEST		Page 0	1632329639299	1632329639408	OK	 
REQUEST		Page 1	1632329639405	1632329639512	OK	 
REQUEST		Page 2	1632329639542	1632329639654	OK	 
REQUEST		Page 3	1632329639664	1632329639776	OK	 
USER	Users	END	1632329639786
REQUEST		Page 3	1632329639694	1632329639808	OK	 
REQUEST		Page 0	1632329640323	1632329640437	OK	 
REQUEST		Page 1	1632329640416	1632329640525	OK	 
REQUEST		Page 2	1632329640523	1632329640630	OK	 
REQUEST		Page 3	1632329640661	1632329640774	OK	 
USER	Users	END	1632329640782
REQUEST		Form	1632329640813	1632329640926	OK	 
REQUEST		Page 1	1632329641454	1632329641568	OK	 
REQUEST		Page 2	1632329641531	1632329641640	OK	 
REQUEST		Page 3	1632329641638	1632329641745	OK	 
USER	Users	END	1632329641776
REQUEST		Post	1632329641928	1632329642042	OK	 
REQUEST		Post Redirect 1	1632329642042	1632329642156	OK	 
USER	Admins	END	1632329642157
REQUEST		Page 2	1632329642572	1632329642686	OK	 
USER	Users	END	1632329642754
REQUEST		Page 3	1632329642647	1632329642756	OK	 
USER	Users	END	1632329643759
REQUEST		Page 3	1632329643698	1632329643812	OK	 
USER	Users	END	1632329644813
