RUN	computerdatabase.advanced.AdvancedSimulationStep05	advancedsimulationstep05	1632316612678	 	3.6.1
USER	Admins	START	1632316613376
USER	Users	START	1632316613376
REQUEST		Home	1632316613401	1632316613632	OK	 
REQUEST		Home	1632316613401	1632316613631	OK	 
REQUEST		Home Redirect 1	1632316613638	1632316613747	OK	 
REQUEST		Home Redirect 1	1632316613638	1632316613748	OK	 
USER	Users	START	1632316614380
REQUEST		Home	1632316614380	1632316614616	OK	 
REQUEST		Home Redirect 1	1632316614616	1632316614738	OK	 
REQUEST		Search	1632316614768	1632316614877	OK	 
REQUEST		Search	1632316614768	1632316614877	OK	 
USER	Users	START	1632316615379
REQUEST		Home	1632316615380	1632316615607	OK	 
REQUEST		Home Redirect 1	1632316615607	1632316615720	OK	 
REQUEST		Search	1632316615745	1632316615858	OK	 
REQUEST		Select	1632316615945	1632316616054	OK	 
REQUEST		Select	1632316615945	1632316616053	OK	 
USER	Users	START	1632316616370
REQUEST		Home	1632316616370	1632316616589	OK	 
REQUEST		Home Redirect 1	1632316616589	1632316616699	OK	 
REQUEST		Search	1632316616722	1632316616837	OK	 
REQUEST		Select	1632316616875	1632316616989	OK	 
REQUEST		Page 0	1632316617063	1632316617172	OK	 
REQUEST		Page 0	1632316617063	1632316617172	OK	 
USER	Users	START	1632316617364
REQUEST		Home	1632316617364	1632316617582	OK	 
REQUEST		Home Redirect 1	1632316617583	1632316617692	OK	 
REQUEST		Search	1632316617715	1632316617825	OK	 
REQUEST		Select	1632316617854	1632316617966	OK	 
REQUEST		Page 0	1632316617990	1632316618104	OK	 
REQUEST		Page 1	1632316618188	1632316618297	OK	 
REQUEST		Page 1	1632316618188	1632316618297	OK	 
USER	Admins	START	1632316618371
USER	Users	START	1632316618371
REQUEST		Home	1632316618371	1632316618590	OK	 
REQUEST		Home	1632316618371	1632316618593	OK	 
REQUEST		Home Redirect 1	1632316618590	1632316618699	OK	 
REQUEST		Home Redirect 1	1632316618593	1632316618702	OK	 
REQUEST		Search	1632316618709	1632316618817	OK	 
REQUEST		Select	1632316618831	1632316618939	OK	 
REQUEST		Page 0	1632316618968	1632316619082	OK	 
REQUEST		Page 1	1632316619105	1632316619219	OK	 
USER	Users	START	1632316619379
REQUEST		Page 2	1632316619303	1632316619412	OK	 
REQUEST		Page 2	1632316619303	1632316619412	OK	 
REQUEST		Home	1632316619379	1632316619596	OK	 
REQUEST		Home Redirect 1	1632316619597	1632316619706	OK	 
REQUEST		Search	1632316619715	1632316619825	OK	 
REQUEST		Search	1632316619715	1632316619825	OK	 
REQUEST		Select	1632316619823	1632316619932	OK	 
REQUEST		Page 0	1632316619946	1632316620055	OK	 
REQUEST		Page 1	1632316620085	1632316620198	OK	 
REQUEST		Page 2	1632316620223	1632316620338	OK	 
USER	Users	START	1632316620376
REQUEST		Page 3	1632316620421	1632316620530	OK	 
REQUEST		Page 3	1632316620421	1632316620531	OK	 
REQUEST		Home	1632316620376	1632316620592	OK	 
REQUEST		Home Redirect 1	1632316620593	1632316620703	OK	 
REQUEST		Search	1632316620711	1632316620823	OK	 
REQUEST		Select	1632316620832	1632316620941	OK	 
REQUEST		Select	1632316620832	1632316620942	OK	 
REQUEST		Page 0	1632316620939	1632316621048	OK	 
REQUEST		Page 1	1632316621061	1632316621171	OK	 
REQUEST		Page 2	1632316621214	1632316621327	OK	 
USER	Users	START	1632316621365
REQUEST		Page 3	1632316621350	1632316621466	OK	 
USER	Users	END	1632316621535
REQUEST		Home	1632316621365	1632316621581	OK	 
REQUEST		Form	1632316621534	1632316621642	OK	 
REQUEST		Home Redirect 1	1632316621581	1632316621690	OK	 
REQUEST		Search	1632316621717	1632316621827	OK	 
REQUEST		Select	1632316621838	1632316621947	OK	 
REQUEST		Page 0	1632316621945	1632316622055	OK	 
REQUEST		Page 0	1632316621945	1632316622055	OK	 
REQUEST		Page 1	1632316622052	1632316622161	OK	 
REQUEST		Page 2	1632316622174	1632316622283	OK	 
USER	Users	START	1632316622371
REQUEST		Page 3	1632316622341	1632316622455	OK	 
USER	Users	END	1632316622479
REQUEST		Home	1632316622372	1632316622598	OK	 
REQUEST		Home Redirect 1	1632316622598	1632316622710	OK	 
REQUEST		Post	1632316622648	1632316622759	OK	 
REQUEST		Search	1632316622692	1632316622802	OK	 
REQUEST		Post Redirect 1	1632316622764	1632316622873	OK	 
USER	Admins	END	1632316622874
REQUEST		Select	1632316622829	1632316622938	OK	 
REQUEST		Page 0	1632316622951	1632316623061	OK	 
REQUEST		Page 1	1632316623058	1632316623168	OK	 
REQUEST		Page 1	1632316623058	1632316623168	OK	 
REQUEST		Page 2	1632316623165	1632316623274	OK	 
REQUEST		Page 3	1632316623287	1632316623396	OK	 
USER	Users	END	1632316623456
REQUEST		Search	1632316623715	1632316623824	OK	 
REQUEST		Select	1632316623806	1632316623915	OK	 
REQUEST		Page 0	1632316623943	1632316624052	OK	 
REQUEST		Page 1	1632316624065	1632316624174	OK	 
REQUEST		Page 2	1632316624171	1632316624280	OK	 
REQUEST		Page 2	1632316624171	1632316624281	OK	 
REQUEST		Page 3	1632316624277	1632316624386	OK	 
USER	Users	END	1632316624399
REQUEST		Select	1632316624840	1632316624950	OK	 
REQUEST		Page 0	1632316624916	1632316625028	OK	 
REQUEST		Page 1	1632316625054	1632316625164	OK	 
REQUEST		Page 2	1632316625176	1632316625287	OK	 
USER	Users	END	1632316625389
REQUEST		Page 3	1632316625283	1632316625393	OK	 
REQUEST		Page 3	1632316625283	1632316625393	OK	 
REQUEST		Page 0	1632316625954	1632316626064	OK	 
REQUEST		Page 1	1632316626030	1632316626141	OK	 
REQUEST		Page 2	1632316626169	1632316626279	OK	 
USER	Users	END	1632316626396
REQUEST		Page 3	1632316626290	1632316626400	OK	 
REQUEST		Form	1632316626396	1632316626509	OK	 
REQUEST		Page 1	1632316627069	1632316627180	OK	 
REQUEST		Page 2	1632316627145	1632316627254	OK	 
REQUEST		Page 3	1632316627281	1632316627391	OK	 
USER	Users	END	1632316627404
REQUEST		Post	1632316627511	1632316627621	OK	 
REQUEST		Post Redirect 1	1632316627622	1632316627730	OK	 
USER	Admins	END	1632316627731
REQUEST		Page 2	1632316628183	1632316628293	OK	 
REQUEST		Page 3	1632316628260	1632316628368	OK	 
USER	Users	END	1632316628397
USER	Users	END	1632316629373
REQUEST		Page 3	1632316629297	1632316629407	OK	 
USER	Users	END	1632316630411
