RUN	computerdatabase.advanced.AdvancedSimulationStep03	advancedsimulationstep03	1632312388433	 	3.6.1
USER	Admins	START	1632312389030
USER	Users	START	1632312389030
REQUEST		Home	1632312389057	1632312389292	OK	 
REQUEST		Home	1632312389057	1632312389284	OK	 
REQUEST		Home Redirect 1	1632312389296	1632312389412	OK	 
REQUEST		Home Redirect 1	1632312389296	1632312389408	OK	 
USER	Users	START	1632312390032
REQUEST		Home	1632312390033	1632312390263	OK	 
REQUEST		Home Redirect 1	1632312390263	1632312390379	OK	 
REQUEST		Search	1632312390432	1632312390544	OK	 
REQUEST		Search	1632312390432	1632312390547	OK	 
USER	Users	START	1632312391026
REQUEST		Home	1632312391027	1632312391245	OK	 
REQUEST		Home Redirect 1	1632312391245	1632312391354	OK	 
REQUEST		Search	1632312391386	1632312391500	OK	 
REQUEST		Select	1632312391604	1632312391716	OK	 
REQUEST		Select	1632312391604	1632312391719	OK	 
USER	Users	START	1632312392021
REQUEST		Home	1632312392021	1632312392235	OK	 
REQUEST		Home Redirect 1	1632312392236	1632312392342	OK	 
REQUEST		Search	1632312392363	1632312392473	OK	 
REQUEST		Select	1632312392503	1632312392618	OK	 
REQUEST		Home	1632312392719	1632312392832	OK	 
REQUEST		Home	1632312392734	1632312392849	OK	 
REQUEST		Home Redirect 1	1632312392832	1632312392945	OK	 
REQUEST		Home Redirect 1	1632312392849	1632312392965	OK	 
USER	Users	START	1632312393028
REQUEST		Home	1632312393029	1632312393248	OK	 
REQUEST		Home Redirect 1	1632312393248	1632312393357	OK	 
REQUEST		Search	1632312393353	1632312393459	OK	 
REQUEST		Select	1632312393477	1632312393586	OK	 
REQUEST		Home	1632312393631	1632312393745	OK	 
REQUEST		Home Redirect 1	1632312393745	1632312393860	OK	 
USER	Admins	START	1632312394019
USER	Users	START	1632312394019
REQUEST		Home	1632312394019	1632312394233	OK	 
REQUEST		Home	1632312394019	1632312394239	OK	 
REQUEST		Home Redirect 1	1632312394234	1632312394341	OK	 
REQUEST		Home Redirect 1	1632312394239	1632312394348	OK	 
REQUEST		Search	1632312394373	1632312394483	OK	 
REQUEST		Select	1632312394465	1632312394572	OK	 
REQUEST		Home	1632312394588	1632312394697	OK	 
REQUEST		Home Redirect 1	1632312394697	1632312394807	OK	 
USER	Users	START	1632312395022
REQUEST		Page 1	1632312394961	1632312395075	OK	 
REQUEST		Page 1	1632312394975	1632312395091	OK	 
REQUEST		Home	1632312395023	1632312395240	OK	 
REQUEST		Home Redirect 1	1632312395241	1632312395351	OK	 
REQUEST		Search	1632312395350	1632312395457	OK	 
REQUEST		Search	1632312395350	1632312395459	OK	 
REQUEST		Select	1632312395487	1632312395597	OK	 
REQUEST		Home	1632312395579	1632312395685	OK	 
REQUEST		Home Redirect 1	1632312395686	1632312395792	OK	 
REQUEST		Page 2	1632312395754	1632312395866	OK	 
REQUEST		Page 2	1632312395769	1632312395884	OK	 
REQUEST		Page 1	1632312395861	1632312395976	OK	 
USER	Users	START	1632312396031
REQUEST		Home	1632312396032	1632312396262	OK	 
REQUEST		Home Redirect 1	1632312396263	1632312396393	OK	 
REQUEST		Search	1632312396361	1632312396471	OK	 
REQUEST		Select	1632312396468	1632312396575	OK	 
REQUEST		Select	1632312396468	1632312396576	OK	 
REQUEST		Page 3	1632312396500	1632312396612	OK	 
REQUEST		Page 3	1632312396515	1632312396632	OK	 
REQUEST		Home	1632312396607	1632312396717	OK	 
REQUEST		Page 2	1632312396654	1632312396769	OK	 
REQUEST		Home Redirect 1	1632312396718	1632312396827	OK	 
REQUEST		Page 1	1632312396822	1632312396931	OK	 
USER	Users	START	1632312397026
REQUEST		Home	1632312397027	1632312397253	OK	 
REQUEST		Home Redirect 1	1632312397254	1632312397368	OK	 
REQUEST		Page 4	1632312397351	1632312397463	OK	 
REQUEST		Page 4	1632312397382	1632312397498	OK	 
REQUEST		Search	1632312397398	1632312397513	OK	 
REQUEST		Page 3	1632312397412	1632312397526	OK	 
REQUEST		Select	1632312397476	1632312397586	OK	 
REQUEST		Home	1632312397582	1632312397688	OK	 
REQUEST		Home	1632312397582	1632312397690	OK	 
REQUEST		Page 2	1632312397613	1632312397722	OK	 
REQUEST		Home Redirect 1	1632312397689	1632312397796	OK	 
REQUEST		Home Redirect 1	1632312397691	1632312397799	OK	 
REQUEST		Page 1	1632312397798	1632312397906	OK	 
USER	Users	START	1632312398029
REQUEST		Home	1632312398030	1632312398249	OK	 
REQUEST		Home Redirect 1	1632312398249	1632312398357	OK	 
REQUEST		Page 4	1632312398265	1632312398379	OK	 
REQUEST		Page 3	1632312398358	1632312398467	OK	 
REQUEST		Search	1632312398373	1632312398487	OK	 
REQUEST		Select	1632312398526	1632312398640	OK	 
REQUEST		Page 2	1632312398587	1632312398693	OK	 
REQUEST		Home	1632312398602	1632312398711	OK	 
REQUEST		Home Redirect 1	1632312398711	1632312398821	OK	 
REQUEST		Page 1	1632312398834	1632312398957	OK	 
REQUEST		Page 4	1632312399207	1632312399316	OK	 
REQUEST		Page 3	1632312399332	1632312399439	OK	 
REQUEST		Search	1632312399363	1632312399472	OK	 
REQUEST		Select	1632312399502	1632312399616	OK	 
REQUEST		Page 2	1632312399642	1632312399752	OK	 
REQUEST		Home	1632312399642	1632312399757	OK	 
REQUEST		Home Redirect 1	1632312399757	1632312399873	OK	 
REQUEST		Page 1	1632312399801	1632312399908	OK	 
REQUEST		Page 1	1632312399801	1632312399910	OK	 
REQUEST		Page 4	1632312400188	1632312400295	OK	 
REQUEST		Page 3	1632312400389	1632312400499	OK	 
REQUEST		Select	1632312400482	1632312400591	OK	 
REQUEST		Page 2	1632312400590	1632312400699	OK	 
REQUEST		Page 2	1632312400590	1632312400699	OK	 
REQUEST		Home	1632312400620	1632312400735	OK	 
REQUEST		Home Redirect 1	1632312400735	1632312400849	OK	 
REQUEST		Page 1	1632312400823	1632312400933	OK	 
REQUEST		Page 4	1632312401243	1632312401352	OK	 
REQUEST		Page 3	1632312401337	1632312401444	OK	 
REQUEST		Page 3	1632312401337	1632312401448	OK	 
REQUEST		Home	1632312401603	1632312401711	OK	 
REQUEST		Page 2	1632312401618	1632312401728	OK	 
REQUEST		Home Redirect 1	1632312401712	1632312401820	OK	 
REQUEST		Page 1	1632312401880	1632312401995	OK	 
REQUEST		Page 4	1632312402191	1632312402298	OK	 
REQUEST		Page 4	1632312402191	1632312402300	OK	 
USER	Users	END	1632312402472
REQUEST		Page 3	1632312402362	1632312402472	OK	 
REQUEST		Form	1632312402501	1632312402617	OK	 
REQUEST		Page 2	1632312402671	1632312402787	OK	 
REQUEST		Page 1	1632312402857	1632312402972	OK	 
REQUEST		Page 4	1632312403214	1632312403327	OK	 
USER	Users	END	1632312403384
REQUEST		Page 3	1632312403431	1632312403546	OK	 
REQUEST		Post	1632312403635	1632312403751	OK	 
REQUEST		Page 2	1632312403649	1632312403763	OK	 
REQUEST		Post Redirect 1	1632312403756	1632312403872	OK	 
USER	Admins	END	1632312403872
REQUEST		Page 1	1632312403836	1632312403945	OK	 
USER	Users	END	1632312404321
REQUEST		Page 4	1632312404291	1632312404407	OK	 
REQUEST		Page 3	1632312404397	1632312404512	OK	 
REQUEST		Page 2	1632312404631	1632312404739	OK	 
USER	Users	END	1632312405298
REQUEST		Page 4	1632312405253	1632312405367	OK	 
REQUEST		Page 3	1632312405376	1632312405485	OK	 
REQUEST		Page 4	1632312406235	1632312406344	OK	 
USER	Users	END	1632312406357
USER	Users	END	1632312407308
REQUEST		Form	1632312407308	1632312407414	OK	 
USER	Users	END	1632312408331
REQUEST		Post	1632312408425	1632312408531	OK	 
REQUEST		Post Redirect 1	1632312408532	1632312408639	OK	 
USER	Admins	END	1632312408639
USER	Users	END	1632312409418
USER	Users	END	1632312410373
USER	Users	END	1632312411356
